Determining if the pthread_create exist failed with the following output:
Change Dir: /home/fboncini/Descargas/taller_memoria_dinamica/cmake-build-debug/CMakeFiles/CMakeTmp

Run Build Command:"/usr/bin/make" "cmTC_ca6ab/fast"
/usr/bin/make -f CMakeFiles/cmTC_ca6ab.dir/build.make CMakeFiles/cmTC_ca6ab.dir/build
make[1]: se entra en el directorio '/home/fboncini/Descargas/taller_memoria_dinamica/cmake-build-debug/CMakeFiles/CMakeTmp'
Building C object CMakeFiles/cmTC_ca6ab.dir/CheckSymbolExists.c.o
/usr/bin/cc    -o CMakeFiles/cmTC_ca6ab.dir/CheckSymbolExists.c.o   -c /home/fboncini/Descargas/taller_memoria_dinamica/cmake-build-debug/CMakeFiles/CMakeTmp/CheckSymbolExists.c
Linking C executable cmTC_ca6ab
/opt/clion-2017.2/bin/cmake/bin/cmake -E cmake_link_script CMakeFiles/cmTC_ca6ab.dir/link.txt --verbose=1
/usr/bin/cc      -rdynamic CMakeFiles/cmTC_ca6ab.dir/CheckSymbolExists.c.o  -o cmTC_ca6ab 
CMakeFiles/cmTC_ca6ab.dir/CheckSymbolExists.c.o: En la función `main':
CheckSymbolExists.c:(.text+0x16): referencia a `pthread_create' sin definir
collect2: error: ld returned 1 exit status
CMakeFiles/cmTC_ca6ab.dir/build.make:97: fallo en las instrucciones para el objetivo 'cmTC_ca6ab'
make[1]: *** [cmTC_ca6ab] Error 1
make[1]: se sale del directorio '/home/fboncini/Descargas/taller_memoria_dinamica/cmake-build-debug/CMakeFiles/CMakeTmp'
Makefile:126: fallo en las instrucciones para el objetivo 'cmTC_ca6ab/fast'
make: *** [cmTC_ca6ab/fast] Error 2

File /home/fboncini/Descargas/taller_memoria_dinamica/cmake-build-debug/CMakeFiles/CMakeTmp/CheckSymbolExists.c:
/* */
#include <pthread.h>

int main(int argc, char** argv)
{
  (void)argv;
#ifndef pthread_create
  return ((int*)(&pthread_create))[argc];
#else
  (void)argc;
  return 0;
#endif
}

Determining if the function pthread_create exists in the pthreads failed with the following output:
Change Dir: /home/fboncini/Descargas/taller_memoria_dinamica/cmake-build-debug/CMakeFiles/CMakeTmp

Run Build Command:"/usr/bin/make" "cmTC_639f2/fast"
/usr/bin/make -f CMakeFiles/cmTC_639f2.dir/build.make CMakeFiles/cmTC_639f2.dir/build
make[1]: se entra en el directorio '/home/fboncini/Descargas/taller_memoria_dinamica/cmake-build-debug/CMakeFiles/CMakeTmp'
Building C object CMakeFiles/cmTC_639f2.dir/CheckFunctionExists.c.o
/usr/bin/cc   -DCHECK_FUNCTION_EXISTS=pthread_create   -o CMakeFiles/cmTC_639f2.dir/CheckFunctionExists.c.o   -c /opt/clion-2017.2/bin/cmake/share/cmake-3.8/Modules/CheckFunctionExists.c
Linking C executable cmTC_639f2
/opt/clion-2017.2/bin/cmake/bin/cmake -E cmake_link_script CMakeFiles/cmTC_639f2.dir/link.txt --verbose=1
/usr/bin/cc  -DCHECK_FUNCTION_EXISTS=pthread_create    -rdynamic CMakeFiles/cmTC_639f2.dir/CheckFunctionExists.c.o  -o cmTC_639f2 -lpthreads 
/usr/bin/ld: no se puede encontrar -lpthreads
collect2: error: ld returned 1 exit status
CMakeFiles/cmTC_639f2.dir/build.make:97: fallo en las instrucciones para el objetivo 'cmTC_639f2'
make[1]: *** [cmTC_639f2] Error 1
make[1]: se sale del directorio '/home/fboncini/Descargas/taller_memoria_dinamica/cmake-build-debug/CMakeFiles/CMakeTmp'
Makefile:126: fallo en las instrucciones para el objetivo 'cmTC_639f2/fast'
make: *** [cmTC_639f2/fast] Error 2


